Added Member To Class: ClassName=U_STM32 Member=Component C1 100n
Added Member To Class: ClassName=U_STM32 Member=Component C2 100n
Added Member To Class: ClassName=U_STM32 Member=Component C3 100n
Added Member To Class: ClassName=U_STM32 Member=Component C4 100n
Added Member To Class: ClassName=U_MAX3485+TXB0108PWR Member=Component C5 100n
Added Member To Class: ClassName=U_MAX3485+TXB0108PWR Member=Component C6 100n
Added Member To Class: ClassName=U_MAX3485+TXB0108PWR Member=Component C7 100n
Added Member To Class: ClassName=U_MAX3485+TXB0108PWR Member=Component C8 100n
Added Member To Class: ClassName=U_SCREEN+SWITCH Member=Component C9 100n
Added Member To Class: ClassName=U_SCREEN+SWITCH Member=Component C10 100n
Added Member To Class: ClassName=U_others Member=Component C11 10u
Added Member To Class: ClassName=U_others Member=Component C12 10u
Added Member To Class: ClassName=U_SCREEN+SWITCH Member=Component D1 SCREEN
Added Member To Class: ClassName=U_ST-Link_V2 Member=Component H1 ST-Link_V2
Added Member To Class: ClassName=U_STM32 Member=Component IC1 STM32
Added Member To Class: ClassName=U_MAX3485+TXB0108PWR Member=Component IC2 MAX3485
Added Member To Class: ClassName=U_MAX3485+TXB0108PWR Member=Component IC3 TXB0108PWR
Added Member To Class: ClassName=U_MAX3485+TXB0108PWR Member=Component R1 10k
Added Member To Class: ClassName=U_STM32 Member=Component R3 10k
Added Member To Class: ClassName=U_SCREEN+SWITCH Member=Component R4 resistor
Added Member To Class: ClassName=U_SCREEN+SWITCH Member=Component R5 10K
Added Member To Class: ClassName=U_SCREEN+SWITCH Member=Component R6 10K
Added Member To Class: ClassName=U_SCREEN+SWITCH Member=Component R7 10K
Added Member To Class: ClassName=U_MAX3485+TXB0108PWR Member=Component R8 120
Added Member To Class: ClassName=U_SCREEN+SWITCH Member=Component S1 SWITCH
Added Member To Class: ClassName=U_SCREEN+SWITCH Member=Component S2 SWITCH
Added Member To Class: ClassName=U_SCREEN+SWITCH Member=Component S3 SWITCH
Added Member To Class: ClassName=U_SCREEN+SWITCH Member=Component S4 SWITCH
Added Member To Class: ClassName=U_others Member=Component U1 LM1117DT-3.3
