Removed Pin From Net: NetName=NetIC1_13 Pin=IC3-5
Removed Pin From Net: NetName=NetIC1_14 Pin=IC3-6
Removed Pin From Net: NetName=NetIC1_15 Pin=IC3-7
Removed Pin From Net: NetName=NetIC1_16 Pin=IC3-8
Removed Pin From Net: NetName=NetIC1_40 Pin=R4-1
Removed Pin From Net: NetName=NetIC1_41 Pin=R5-1
Removed Pin From Net: NetName=NetIC1_42 Pin=R6-1
Removed Pin From Net: NetName=NetIC1_43 Pin=R7-1
Removed Pin From Net: NetName=NetIC1_40 Pin=S1-2
Removed Pin From Net: NetName=NetIC1_41 Pin=S2-2
Removed Pin From Net: NetName=NetIC1_42 Pin=S3-2
Removed Pin From Net: NetName=NetIC1_43 Pin=S4-2
Added Pin To Net: NetName=NetIC1_43 Pin=IC3-5
Added Pin To Net: NetName=NetIC1_42 Pin=IC3-6
Added Pin To Net: NetName=NetIC1_41 Pin=IC3-7
Added Pin To Net: NetName=NetIC1_40 Pin=IC3-8
Added Pin To Net: NetName=NetIC1_16 Pin=R4-1
Added Pin To Net: NetName=NetIC1_15 Pin=R5-1
Added Pin To Net: NetName=NetIC1_14 Pin=R6-1
Added Pin To Net: NetName=NetIC1_13 Pin=R7-1
Added Pin To Net: NetName=NetIC1_16 Pin=S1-2
Added Pin To Net: NetName=NetIC1_15 Pin=S2-2
Added Pin To Net: NetName=NetIC1_14 Pin=S3-2
Added Pin To Net: NetName=NetIC1_13 Pin=S4-2
Added Member To Class: ClassName=U_SCREEN+SWITCH Member=Component S4 SWITCH
